C:\USERS\YASUFUMI\DOCUMENTS\VISUAL STUDIO 2010\PROJECTS\ADSYSTEMRL01\GLFWTEMPLATE\RELEASE\ADSYSTEMRL01.EXE.INTERMEDIATE.MANIFEST
C:\Users\yasufumi\Documents\Visual Studio 2010\Projects\ADsystemRL01\glfwTemplate\Release\ADsystemRL01.write.1.tlog
C:\Users\yasufumi\Documents\Visual Studio 2010\Projects\ADsystemRL01\glfwTemplate\Release\cl.command.1.tlog
C:\Users\yasufumi\Documents\Visual Studio 2010\Projects\ADsystemRL01\glfwTemplate\Release\CL.read.1.tlog
C:\Users\yasufumi\Documents\Visual Studio 2010\Projects\ADsystemRL01\glfwTemplate\Release\CL.write.1.tlog
C:\USERS\YASUFUMI\DOCUMENTS\VISUAL STUDIO 2010\PROJECTS\ADSYSTEMRL01\GLFWTEMPLATE\RELEASE\DISPLAYMAIN.OBJ
C:\Users\yasufumi\Documents\Visual Studio 2010\Projects\ADsystemRL01\glfwTemplate\Release\glfwTemplate.vcxprojResolveAssemblyReference.cache
C:\Users\yasufumi\Documents\Visual Studio 2010\Projects\ADsystemRL01\glfwTemplate\Release\link.command.1.tlog
C:\Users\yasufumi\Documents\Visual Studio 2010\Projects\ADsystemRL01\glfwTemplate\Release\link.read.1.tlog
C:\Users\yasufumi\Documents\Visual Studio 2010\Projects\ADsystemRL01\glfwTemplate\Release\link.write.1.tlog
C:\USERS\YASUFUMI\DOCUMENTS\VISUAL STUDIO 2010\PROJECTS\ADSYSTEMRL01\GLFWTEMPLATE\RELEASE\LOGIPADVEHICLE.OBJ
C:\Users\yasufumi\Documents\Visual Studio 2010\Projects\ADsystemRL01\glfwTemplate\Release\mt.command.1.tlog
C:\Users\yasufumi\Documents\Visual Studio 2010\Projects\ADsystemRL01\glfwTemplate\Release\mt.read.1.tlog
C:\Users\yasufumi\Documents\Visual Studio 2010\Projects\ADsystemRL01\glfwTemplate\Release\mt.write.1.tlog
C:\USERS\YASUFUMI\DOCUMENTS\VISUAL STUDIO 2010\PROJECTS\ADSYSTEMRL01\GLFWTEMPLATE\RELEASE\QLEARNINGCONTROLLER.OBJ
C:\USERS\YASUFUMI\DOCUMENTS\VISUAL STUDIO 2010\PROJECTS\ADSYSTEMRL01\GLFWTEMPLATE\RELEASE\ROADDATASET.OBJ
C:\USERS\YASUFUMI\DOCUMENTS\VISUAL STUDIO 2010\PROJECTS\ADSYSTEMRL01\GLFWTEMPLATE\RELEASE\STATEVECTORDEFINITION.OBJ
C:\USERS\YASUFUMI\DOCUMENTS\VISUAL STUDIO 2010\PROJECTS\ADSYSTEMRL01\GLFWTEMPLATE\RELEASE\VC100.PDB
C:\USERS\YASUFUMI\DOCUMENTS\VISUAL STUDIO 2010\PROJECTS\ADSYSTEMRL01\GLFWTEMPLATE\RELEASE\VEHICLEKINEMATICS.OBJ
C:\USERS\YASUFUMI\DOCUMENTS\VISUAL STUDIO 2010\PROJECTS\ADSYSTEMRL01\GLFWTEMPLATE\RELEASE\XBOXCONTROLLER.OBJ
C:\USERS\YASUFUMI\DOCUMENTS\VISUAL STUDIO 2010\PROJECTS\ADSYSTEMRL01\RELEASE\ADSYSTEMRL01.EXE
C:\USERS\YASUFUMI\DOCUMENTS\VISUAL STUDIO 2010\PROJECTS\ADSYSTEMRL01\RELEASE\ADSYSTEMRL01.PDB
