2016/06/20 1:31:41 にビルドを開始しました。
     1>ノード 2 上のプロジェクト "C:\Users\yasufumi\Documents\Visual Studio 2010\Projects\ADsystemRL01\glfwTemplate\glfwTemplate.vcxproj" (build ターゲット)。
     1>InitializeBuildStatus:
         "AlwaysCreate" が指定されたため "Release\ADsystemRL01.unsuccessfulbuild" を作成しています。
       ClCompile:
         c:\Program Files (x86)\Microsoft Visual Studio 10.0\VC\bin\CL.exe /c /I"C:\Program Files\glfw-3.1.2.bin.WIN32\include" /Zi /nologo /W3 /WX- /O2 /Oi /Oy- /GL /D WIN32 /D NDEBUG /D _CONSOLE /D _UNICODE /D UNICODE /Gm- /EHsc /MD /GS /Gy /fp:precise /Zc:wchar_t /Zc:forScope /Fo"Release\\" /Fd"Release\vc100.pdb" /Gd /TP /analyze- /errorReport:prompt StateVectorDefinition.cpp
         StateVectorDefinition.cpp
     1>StateVectorDefinition.cpp(38): warning C4018: '<' : signed と unsigned の数値を比較しようとしました。
     1>StateVectorDefinition.cpp(44): warning C4018: '<' : signed と unsigned の数値を比較しようとしました。
     1>StateVectorDefinition.cpp(60): warning C4018: '<' : signed と unsigned の数値を比較しようとしました。
     1>StateVectorDefinition.cpp(72): warning C4018: '<' : signed と unsigned の数値を比較しようとしました。
     1>StateVectorDefinition.cpp(95): warning C4018: '<' : signed と unsigned の数値を比較しようとしました。
     1>StateVectorDefinition.cpp(102): warning C4018: '<' : signed と unsigned の数値を比較しようとしました。
     1>StateVectorDefinition.cpp(122): warning C4018: '<' : signed と unsigned の数値を比較しようとしました。
       Link:
         c:\Program Files (x86)\Microsoft Visual Studio 10.0\VC\bin\link.exe /ERRORREPORT:PROMPT /OUT:"C:\Users\yasufumi\Documents\Visual Studio 2010\Projects\ADsystemRL01\Release\ADsystemRL01.exe" /INCREMENTAL:NO /NOLOGO /LIBPATH:"C:\Program Files\glfw-3.1.2.bin.WIN32\lib-vc2010" kernel32.lib user32.lib gdi32.lib winspool.lib comdlg32.lib advapi32.lib shell32.lib ole32.lib oleaut32.lib uuid.lib odbc32.lib odbccp32.lib /MANIFEST /ManifestFile:"Release\ADsystemRL01.exe.intermediate.manifest" /MANIFESTUAC:"level='asInvoker' uiAccess='false'" /DEBUG /PDB:"C:\Users\yasufumi\Documents\Visual Studio 2010\Projects\ADsystemRL01\Release\ADsystemRL01.pdb" /SUBSYSTEM:CONSOLE /OPT:REF /OPT:ICF /LTCG /TLBID:1 /DYNAMICBASE /NXCOMPAT /IMPLIB:"C:\Users\yasufumi\Documents\Visual Studio 2010\Projects\ADsystemRL01\Release\ADsystemRL01.lib" /MACHINE:X86 Release\DisplayMain.obj
         Release\LogiPadVehicle.obj
         Release\QLearningController.obj
         Release\RoadDataSet.obj
         Release\StateVectorDefinition.obj
         Release\VehicleKinematics.obj
         Release\XboxController.obj
         コード生成しています。
         コード生成が終了しました。
         glfwTemplate.vcxproj -> C:\Users\yasufumi\Documents\Visual Studio 2010\Projects\ADsystemRL01\Release\ADsystemRL01.exe
       Manifest:
         C:\Program Files (x86)\Microsoft SDKs\Windows\v7.0A\bin\mt.exe /nologo /verbose /outputresource:"C:\Users\yasufumi\Documents\Visual Studio 2010\Projects\ADsystemRL01\Release\ADsystemRL01.exe;#1" /manifest Release\ADsystemRL01.exe.intermediate.manifest
       FinalizeBuildStatus:
         ファイル "Release\ADsystemRL01.unsuccessfulbuild" を削除しています。
         "Release\ADsystemRL01.lastbuildstate" のタッチ タスクを実行しています。
     1>プロジェクト "C:\Users\yasufumi\Documents\Visual Studio 2010\Projects\ADsystemRL01\glfwTemplate\glfwTemplate.vcxproj" (build ターゲット) のビルドが完了しました。

ビルドに成功しました。

経過時間 00:00:01.36
